Using pre-set license
Built from '2022.3/staging' branch; Version is '2022.3.14f1 (eff2de9070d8) revision 15725278'; Using compiler version '192829333'; Build Type 'Release'
OS: 'Windows 11  (10.0.22631) 64bit Core' Language: 'zh' Physical Memory: 32395 MB
BatchMode: 1, IsHumanControllingUs: 0, StartBugReporterOnCrash: 0, Is64bit: 1, IsPro: 1

COMMAND LINE ARGUMENTS:
D:\é›»è…¦è»Ÿé«”\Unity\2022.3.14f1\Editor\Unity.exe
-adb2
-batchMode
-noUpm
-name
AssetImportWorker0
-projectPath
D:/Files/NTUT/è³‡æ–™å¯è¦–åŒ–/vis2023f/hw07/Hw07/hw07
-logFile
Logs/AssetImportWorker0.log
-srvPort
61295
Successfully changed project path to: D:/Files/NTUT/è³‡æ–™å¯è¦–åŒ–/vis2023f/hw07/Hw07/hw07
D:/Files/NTUT/è³‡æ–™å¯è¦–åŒ–/vis2023f/hw07/Hw07/hw07
[UnityMemory] Configuration Parameters - Can be set up in boot.config
    "memorysetup-bucket-allocator-granularity=16"
    "memorysetup-bucket-allocator-bucket-count=8"
    "memorysetup-bucket-allocator-block-size=33554432"
    "memorysetup-bucket-allocator-block-count=8"
    "memorysetup-main-allocator-block-size=16777216"
    "memorysetup-thread-allocator-block-size=16777216"
    "memorysetup-gfx-main-allocator-block-size=16777216"
    "memorysetup-gfx-thread-allocator-block-size=16777216"
    "memorysetup-cache-allocator-block-size=4194304"
    "memorysetup-typetree-allocator-block-size=2097152"
    "memorysetup-profiler-bucket-allocator-granularity=16"
    "memorysetup-profiler-bucket-allocator-bucket-count=8"
    "memorysetup-profiler-bucket-allocator-block-size=33554432"
    "memorysetup-profiler-bucket-allocator-block-count=8"
    "memorysetup-profiler-allocator-block-size=16777216"
    "memorysetup-profiler-editor-allocator-block-size=1048576"
    "memorysetup-temp-allocator-size-main=16777216"
    "memorysetup-job-temp-allocator-block-size=2097152"
    "memorysetup-job-temp-allocator-block-size-background=1048576"
    "memorysetup-job-temp-allocator-reduction-small-platforms=262144"
    "memorysetup-allocator-temp-initial-block-size-main=262144"
    "memorysetup-allocator-temp-initial-block-size-worker=262144"
    "memorysetup-temp-allocator-size-background-worker=32768"
    "memorysetup-temp-allocator-size-job-worker=262144"
    "memorysetup-temp-allocator-size-preload-manager=33554432"
    "memorysetup-temp-allocator-size-nav-mesh-worker=65536"
    "memorysetup-temp-allocator-size-audio-worker=65536"
    "memorysetup-temp-allocator-size-cloud-worker=32768"
    "memorysetup-temp-allocator-size-gi-baking-worker=262144"
    "memorysetup-temp-allocator-size-gfx=262144"
Player connection [38112] Host "[IP] 192.168.0.103 [Port] 0 [Flags] 2 [Guid] 2998809276 [EditorId] 2998809276 [Version] 1048832 [Id] WindowsEditor(7,LAPTOP-UMMMTBG7) [Debug] 1 [PackageName] WindowsEditor [ProjectName] Editor" joined multi-casting on [225.0.0.222:54997]...

Player connection [38112] Host "[IP] 192.168.0.103 [Port] 0 [Flags] 2 [Guid] 2998809276 [EditorId] 2998809276 [Version] 1048832 [Id] WindowsEditor(7,LAPTOP-UMMMTBG7) [Debug] 1 [PackageName] WindowsEditor [ProjectName] Editor" joined alternative multi-casting on [225.0.0.222:34997]...

[Physics::Module] Initialized MultithreadedJobDispatcher with 19 workers.
Refreshing native plugins compatible for Editor in 7.29 ms, found 3 plugins.
Preloading 0 native plugins for Editor in 0.00 ms.
Initialize engine version: 2022.3.14f1 (eff2de9070d8)
[Subsystems] Discovering subsystems at path D:/é›»è…¦è»Ÿé«”/Unity/2022.3.14f1/Editor/Data/Resources/UnitySubsystems
[Subsystems] Discovering subsystems at path D:/Files/NTUT/è³‡æ–™å¯è¦–åŒ–/vis2023f/hw07/Hw07/hw07/Assets
GfxDevice: creating device client; threaded=0; jobified=0
Direct3D:
    Version:  Direct3D 11.0 [level 11.1]
    Renderer: NVIDIA GeForce RTX 4060 Laptop GPU (ID=0x28e0)
    Vendor:   NVIDIA
    VRAM:     7971 MB
    Driver:   31.0.15.3645
Initialize mono
Mono path[0] = 'D:/é›»è…¦è»Ÿé«”/Unity/2022.3.14f1/Editor/Data/Managed'
Mono path[1] = 'D:/é›»è…¦è»Ÿé«”/Unity/2022.3.14f1/Editor/Data/MonoBleedingEdge/lib/mono/unityjit-win32'
Mono config path = 'D:/é›»è…¦è»Ÿé«”/Unity/2022.3.14f1/Editor/Data/MonoBleedingEdge/etc'
Using monoOptions --debugger-agent=transport=dt_socket,embedding=1,server=y,suspend=n,address=127.0.0.1:56728
Begin MonoManager ReloadAssembly
Registering precompiled unity dll's ...
Register platform support module: D:/é›»è…¦è»Ÿé«”/Unity/2022.3.14f1/Editor/Data/PlaybackEngines/WebGLSupport/UnityEditor.WebGL.Extensions.dll
Register platform support module: D:/é›»è…¦è»Ÿé«”/Unity/2022.3.14f1/Editor/Data/PlaybackEngines/WindowsStandaloneSupport/UnityEditor.WindowsStandalone.Extensions.dll
Registered in 0.004993 seconds.
- Loaded All Assemblies, in  0.345 seconds
Native extension for WindowsStandalone target not found
Native extension for WebGL target not found
Mono: successfully reloaded assembly
- Finished resetting the current domain, in  0.251 seconds
Domain Reload Profiling: 595ms
	BeginReloadAssembly (101ms)
		ExecutionOrderSort (0ms)
		DisableScriptedObjects (0ms)
		BackupInstance (0ms)
		ReleaseScriptingObjects (0ms)
		CreateAndSetChildDomain (1ms)
	RebuildCommonClasses (35ms)
	RebuildNativeTypeToScriptingClass (11ms)
	initialDomainReloadingComplete (54ms)
	LoadAllAssembliesAndSetupDomain (142ms)
		LoadAssemblies (99ms)
		RebuildTransferFunctionScriptingTraits (0ms)
		AnalyzeDomain (140ms)
			TypeCache.Refresh (139ms)
				TypeCache.ScanAssembly (126ms)
			ScanForSourceGeneratedMonoScriptInfo (0ms)
			ResolveRequiredComponents (0ms)
	FinalizeReload (252ms)
		ReleaseScriptCaches (0ms)
		RebuildScriptCaches (0ms)
		SetupLoadedEditorAssemblies (193ms)
			LogAssemblyErrors (0ms)
			InitializePlatformSupportModulesInManaged (9ms)
			SetLoadedEditorAssemblies (5ms)
			RefreshPlugins (0ms)
			BeforeProcessingInitializeOnLoad (3ms)
			ProcessInitializeOnLoadAttributes (125ms)
			ProcessInitializeOnLoadMethodAttributes (51ms)
			AfterProcessingInitializeOnLoad (0ms)
			EditorAssembliesLoaded (0ms)
		ExecutionOrderSort2 (0ms)
		AwakeInstancesAfterBackupRestoration (0ms)
========================================================================
Worker process is ready to serve import requests
Begin MonoManager ReloadAssembly
- Loaded All Assemblies, in  0.570 seconds
Refreshing native plugins compatible for Editor in 2.76 ms, found 3 plugins.
Native extension for WindowsStandalone target not found
Native extension for WebGL target not found
Package Manager log level set to [2]
[Package Manager] Server::EnsureServerProcessIsRunning -- launch failed, reason: Unity was launched with the -noUpm command-line argument
[Package Manager] UpmClient::Send -- Unable to send message (not connected to UPM process).
[Package Manager] Cannot connect to Unity Package Manager local server
Mono: successfully reloaded assembly
- Finished resetting the current domain, in  0.530 seconds
Domain Reload Profiling: 1098ms
	BeginReloadAssembly (140ms)
		ExecutionOrderSort (0ms)
		DisableScriptedObjects (5ms)
		BackupInstance (0ms)
		ReleaseScriptingObjects (0ms)
		CreateAndSetChildDomain (20ms)
	RebuildCommonClasses (31ms)
	RebuildNativeTypeToScriptingClass (10ms)
	initialDomainReloadingComplete (39ms)
	LoadAllAssembliesAndSetupDomain (347ms)
		LoadAssemblies (266ms)
		RebuildTransferFunctionScriptingTraits (0ms)
		AnalyzeDomain (162ms)
			TypeCache.Refresh (144ms)
				TypeCache.ScanAssembly (131ms)
			ScanForSourceGeneratedMonoScriptInfo (14ms)
			ResolveRequiredComponents (3ms)
	FinalizeReload (531ms)
		ReleaseScriptCaches (0ms)
		RebuildScriptCaches (0ms)
		SetupLoadedEditorAssemblies (387ms)
			LogAssemblyErrors (0ms)
			InitializePlatformSupportModulesInManaged (7ms)
			SetLoadedEditorAssemblies (4ms)
			RefreshPlugins (0ms)
			BeforeProcessingInitializeOnLoad (56ms)
			ProcessInitializeOnLoadAttributes (293ms)
			ProcessInitializeOnLoadMethodAttributes (21ms)
			AfterProcessingInitializeOnLoad (5ms)
			EditorAssembliesLoaded (0ms)
		ExecutionOrderSort2 (0ms)
		AwakeInstancesAfterBackupRestoration (7ms)
Launched and connected shader compiler UnityShaderCompiler.exe after 0.06 seconds
Refreshing native plugins compatible for Editor in 2.81 ms, found 3 plugins.
Preloading 0 native plugins for Editor in 0.00 ms.
Unloading 3090 Unused Serialized files (Serialized files now loaded: 0)
Unloading 32 unused Assets / (56.8 KB). Loaded Objects now: 3551.
Memory consumption went from 123.0 MB to 122.9 MB.
Total: 3.814400 ms (FindLiveObjects: 0.301800 ms CreateObjectMapping: 0.141800 ms MarkObjects: 3.253900 ms  DeleteObjects: 0.115500 ms)

AssetImportParameters requested are different than current active one (requested -> active):
  custom:container-demuxer-ogg: 62fdf1f143b41e24485cea50d1cbac27 -> 
  custom:video-codec-MediaFoundation-h265: 746d11721c4dcdbdad8f713fa42b33f4 -> 
  custom:video-decoder-ogg-theora: a1e56fd34408186e4bbccfd4996cb3dc -> 
  custom:framework-win-MediaFoundation: 216162199b28c13a410421893ffa2e32 -> 
  custom:CustomObjectIndexerAttribute: 756ad292c208cfabdd7b50bc23989ffe -> 
  custom:container-demuxer-webm: 4f35f7cbe854078d1ac9338744f61a02 -> 
  custom:container-muxer-webm: aa71ff27fc2769a1b78a27578f13a17b -> 
  custom:video-decoder-webm-vp8: 9c59270c3fd7afecdb556c50c9e8de78 -> 
  custom:SearchIndexIgnoredProperties: e643bd26f0fe6173181afceb89e7c659 -> 
  custom:AudioImporter_EditorPlatform: d09bf68614088b80899f8185d706f6e7 -> 
  custom:video-encoder-webm-vp8: eb34c28f22e8b96e1ab97ce403110664 -> 
  custom:audio-decoder-ogg-vorbis: bf7c407c2cedff20999df2af8eb42d56 -> 
  custom:audio-encoder-webm-vorbis: bf7c407c2cedff20999df2af8eb42d56 -> 
========================================================================
Received Import Request.
  Time since last request: 1605850.262830 seconds.
  path: Assets/Animation
  artifactKey: Guid(4fa8593ed716f494fa08173c5475eb44) Importer(815301076,1909f56bfc062723c751e8b465ee728b)
Start importing Assets/Animation using Guid(4fa8593ed716f494fa08173c5475eb44) Importer(815301076,1909f56bfc062723c751e8b465ee728b)  -> (artifact id: 'a1b49199551385f40c429f414a3cd6ce') in 0.003106 seconds
Number of updated asset objects reloaded before import = 0
Number of asset objects unloaded after import = 0
========================================================================
Received Import Request.
  Time since last request: 0.000029 seconds.
  path: Assets/Animation/Walking.fbx
  artifactKey: Guid(43202b58472fc4249bd2eaec3d7d41f7) Importer(815301076,1909f56bfc062723c751e8b465ee728b)
Start importing Assets/Animation/Walking.fbx using Guid(43202b58472fc4249bd2eaec3d7d41f7) Importer(815301076,1909f56bfc062723c751e8b465ee728b)  -> (artifact id: 'aff934fa706cfb8e2f8df3d53e8283db') in 0.028085 seconds
Number of updated asset objects reloaded before import = 0
Number of asset objects unloaded after import = 137
========================================================================
Received Import Request.
  Time since last request: 56.950265 seconds.
  path: Assets/HeatMap
  artifactKey: Guid(09b567296de89a44099e2eb96daf2ceb) Importer(815301076,1909f56bfc062723c751e8b465ee728b)
Start importing Assets/HeatMap using Guid(09b567296de89a44099e2eb96daf2ceb) Importer(815301076,1909f56bfc062723c751e8b465ee728b)  -> (artifact id: '09e48241a2c64757f694e729923827af') in 0.000688 seconds
Number of updated asset objects reloaded before import = 0
Number of asset objects unloaded after import = 0
========================================================================
Received Import Request.
  Time since last request: 0.881761 seconds.
  path: Assets/IndoorNavigation
  artifactKey: Guid(4b843d92c98ba254ba22e39b88c81539) Importer(815301076,1909f56bfc062723c751e8b465ee728b)
Start importing Assets/IndoorNavigation using Guid(4b843d92c98ba254ba22e39b88c81539) Importer(815301076,1909f56bfc062723c751e8b465ee728b)  -> (artifact id: 'a2f332b589e0c4956d75bfcea298736f') in 0.000581 seconds
Number of updated asset objects reloaded before import = 0
Number of asset objects unloaded after import = 0
========================================================================
Received Import Request.
  Time since last request: 101.052827 seconds.
  path: Assets/TextMesh Pro
  artifactKey: Guid(f448f78a784546a40b3accf7ad3dd9c6) Importer(815301076,1909f56bfc062723c751e8b465ee728b)
Start importing Assets/TextMesh Pro using Guid(f448f78a784546a40b3accf7ad3dd9c6) Importer(815301076,1909f56bfc062723c751e8b465ee728b)  -> (artifact id: '3ce2250d3fe5add6b5903f1206965a66') in 0.000641 seconds
Number of updated asset objects reloaded before import = 0
Number of asset objects unloaded after import = 0
========================================================================
Received Import Request.
  Time since last request: 2.531935 seconds.
  path: Assets/HeatMap/1F_heatmap.mat
  artifactKey: Guid(23fd6752eb45643cb87eb3cbca657bb6) Importer(815301076,1909f56bfc062723c751e8b465ee728b)
Start importing Assets/HeatMap/1F_heatmap.mat using Guid(23fd6752eb45643cb87eb3cbca657bb6) Importer(815301076,1909f56bfc062723c751e8b465ee728b)  -> (artifact id: 'fdd9f0f779b6402bba83546a09293f46') in 0.286506 seconds
Number of updated asset objects reloaded before import = 0
Number of asset objects unloaded after import = 2
========================================================================
Received Import Request.
  Time since last request: 0.000017 seconds.
  path: Assets/HeatMap/heatmap_1F_v2.png
  artifactKey: Guid(82a3bbc5d92744a5b9e46ec9dac99202) Importer(815301076,1909f56bfc062723c751e8b465ee728b)
Start importing Assets/HeatMap/heatmap_1F_v2.png using Guid(82a3bbc5d92744a5b9e46ec9dac99202) Importer(815301076,1909f56bfc062723c751e8b465ee728b)  -> (artifact id: '9cf25d94d808a0dd75d6634462ac99c8') in 0.045772 seconds
Number of updated asset objects reloaded before import = 0
Number of asset objects unloaded after import = 3
========================================================================
Received Import Request.
  Time since last request: 0.000075 seconds.
  path: Assets/HeatMap/heatmap_3F_v2.png
  artifactKey: Guid(527af90457f4e48af963cd5a23f845c0) Importer(815301076,1909f56bfc062723c751e8b465ee728b)
Start importing Assets/HeatMap/heatmap_3F_v2.png using Guid(527af90457f4e48af963cd5a23f845c0) Importer(815301076,1909f56bfc062723c751e8b465ee728b)  -> (artifact id: 'df4d5a3ed2ebbd6ee1eb7fb5bc7ab86c') in 0.020071 seconds
Number of updated asset objects reloaded before import = 0
Number of asset objects unloaded after import = 3
========================================================================
Received Import Request.
  Time since last request: 0.000015 seconds.
  path: Assets/HeatMap/4F_heatmap.mat
  artifactKey: Guid(b4f71eb6d4535404da981b373dc6033f) Importer(815301076,1909f56bfc062723c751e8b465ee728b)
Start importing Assets/HeatMap/4F_heatmap.mat using Guid(b4f71eb6d4535404da981b373dc6033f) Importer(815301076,1909f56bfc062723c751e8b465ee728b)  -> (artifact id: 'ced7d30faceb34b9fd11bea72a4adeb0') in 0.016269 seconds
Number of updated asset objects reloaded before import = 0
Number of asset objects unloaded after import = 2
========================================================================
Received Import Request.
  Time since last request: 0.000014 seconds.
  path: Assets/HeatMap/3F_heatmap.mat
  artifactKey: Guid(b734a7af2df514a5bb173ebf51cef94f) Importer(815301076,1909f56bfc062723c751e8b465ee728b)
Start importing Assets/HeatMap/3F_heatmap.mat using Guid(b734a7af2df514a5bb173ebf51cef94f) Importer(815301076,1909f56bfc062723c751e8b465ee728b)  -> (artifact id: 'aa859d6ab86bb28efa7f7877f611001c') in 0.020923 seconds
Number of updated asset objects reloaded before import = 0
Number of asset objects unloaded after import = 2
Editor requested this worker to shutdown with reason: Scaling down because of idle timeout
TcpMessagingSession - receive error: operation aborted. errorcode: 995, details: ¦]¬°°õ¦æºüµ²§ô©ÎÀ³¥Îµ{¦¡­n¨D¡A©Ò¥H¤w¤¤¤î I/O ¾Þ§@¡C
AssetImportWorker is now disconnected from the server
Process exiting
Exiting without the bug reporter. Application will terminate with return code 0